Added Component: Designator=U2(CFP102P1520X310-18AN)
Add component (AddParameter): Name = "A - Level"; Value = ""; VariantName = "[No Variations]"
Add component (AddParameter): Name = "Available Preview Images"; Value = "2D"; VariantName = "[No Variations]"
Add component (AddParameter): Name = "B - Value"; Value = ""; VariantName = "[No Variations]"
Add component (AddParameter): Name = "C - Notes"; Value = ""; VariantName = "[No Variations]"
Add component (AddParameter): Name = "Case/Package"; Value = ""; VariantName = "[No Variations]"
Add component (AddParameter): Name = "Category"; Value = ""; VariantName = "[No Variations]"
Add component (AddParameter): Name = "ComponentLink1Description"; Value = "Datasheet - Manufacturer"; VariantName = "[No Variations]"
Add component (AddParameter): Name = "ComponentLink1URL"; Value = "https://www.renesas.com/us/en/www/doc/datasheet/isl75051aseh-3051aseh.pdf"; VariantName = "[No Variations]"
Add component (AddParameter): Name = "ComponentLink2Description"; Value = "Datasheet - Mil Spec"; VariantName = "[No Variations]"
Add component (AddParameter): Name = "ComponentLink2URL"; Value = "https://landandmaritimeapps.dla.mil/downloads/milspec/smd/11212.pdf"; VariantName = "[No Variations]"
Add component (AddParameter): Name = "Design Item ID"; Value = "ISL75051ASEHVFE"; VariantName = "[No Variations]"
Add component (AddParameter): Name = "Device Class"; Value = "V"; VariantName = "[No Variations]"
Add component (AddParameter): Name = "Digi-Key_Part_Number"; Value = ""; VariantName = "[No Variations]"
Add component (AddParameter): Name = "Distributor"; Value = "Avnet"; VariantName = "[No Variations]"
Add component (AddParameter): Name = "EM Part Number"; Value = "ISL75051ASEHFE/PROTO"; VariantName = "[No Variations]"
Add component (AddParameter): Name = "FM (SMD) Part Number"; Value = "5962R1121203VYC"; VariantName = "[No Variations]"
Add component (AddParameter): Name = "HBR Standard"; Value = ""; VariantName = "[No Variations]"
Add component (AddParameter): Name = "Input Voltage High"; Value = "6V"; VariantName = "[No Variations]"
Add component (AddParameter): Name = "Input Voltage Low"; Value = "2.2V"; VariantName = "[No Variations]"
Add component (AddParameter): Name = "Lead Form"; Value = "Yes"; VariantName = "[No Variations]"
Add component (AddParameter): Name = "Manufacturer"; Value = "Renesas / Intersil"; VariantName = "[No Variations]"
Add component (AddParameter): Name = "Manufacturer Part Number"; Value = "ISL75051ASEHVFE"; VariantName = "[No Variations]"
Add component (AddParameter): Name = "Mass"; Value = "1.07g"; VariantName = "[No Variations]"
Add component (AddParameter): Name = "MF"; Value = ""; VariantName = "[No Variations]"
Add component (AddParameter): Name = "Mount Type"; Value = "SMT"; VariantName = "[No Variations]"
Add component (AddParameter): Name = "MP"; Value = ""; VariantName = "[No Variations]"
Add component (AddParameter): Name = "Operating Temperature Max"; Value = ""; VariantName = "[No Variations]"
Add component (AddParameter): Name = "Operating Temperature Min"; Value = ""; VariantName = "[No Variations]"
Add component (AddParameter): Name = "Output Current Max"; Value = "3A"; VariantName = "[No Variations]"
Add component (AddParameter): Name = "Output Voltage"; Value = "0.8 - 5.0V"; VariantName = "[No Variations]"
Add component (AddParameter): Name = "Package"; Value = "CFP-18 (exposed pad)"; VariantName = "[No Variations]"
Add component (AddParameter): Name = "Pricing 1"; Value = ""; VariantName = "[No Variations]"
Add component (AddParameter): Name = "Quiscent Current"; Value = ""; VariantName = "[No Variations]"
Add component (AddParameter): Name = "RoHS"; Value = ""; VariantName = "[No Variations]"
Add component (AddParameter): Name = "SEL"; Value = "86.3MeV*cm2/mg"; VariantName = "[No Variations]"
Add component (AddParameter): Name = "Source"; Value = "IsolatedADCs.SCHLIB"; VariantName = "[No Variations]"
Add component (AddParameter): Name = "Stock 1"; Value = ""; VariantName = "[No Variations]"
Add component (AddParameter): Name = "Supply Voltage Max"; Value = ""; VariantName = "[No Variations]"
Add component (AddParameter): Name = "Supply Voltage Min"; Value = ""; VariantName = "[No Variations]"
Add component (AddParameter): Name = "Temperature Coefficient"; Value = ""; VariantName = "[No Variations]"
Add component (AddParameter): Name = "TID"; Value = "50krad (LDR), 100krad (HDR)"; VariantName = "[No Variations]"
Add component (AddParameter): Name = "Value"; Value = ""; VariantName = "[No Variations]"
Added Pin To Net: NetName=GND Pin=U2-1
Added Pin To Net: NetName=3V3 Pin=U2-2
Added Pin To Net: NetName=3V3 Pin=U2-3
Added Pin To Net: NetName=3V3 Pin=U2-4
Added Pin To Net: NetName=3V3 Pin=U2-5
Added Pin To Net: NetName=3V3 Pin=U2-6
Added Pin To Net: NetName=3V3 Pin=U2-7
Added Pin To Net: NetName=NetC10_2 Pin=U2-8
Added Pin To Net: NetName=NetC7_1 Pin=U2-9
Added Pin To Net: NetName=+5V Pin=U2-10
Added Pin To Net: NetName=NetR9_2 Pin=U2-11
Added Pin To Net: NetName=+5V Pin=U2-12
Added Pin To Net: NetName=+5V Pin=U2-13
Added Pin To Net: NetName=+5V Pin=U2-14
Added Pin To Net: NetName=+5V Pin=U2-15
Added Pin To Net: NetName=+5V Pin=U2-16
Added Pin To Net: NetName=+5V Pin=U2-17
Added Pin To Net: NetName=PGOOD Pin=U2-18
Added Pin To Net: NetName=GND Pin=U2-EP
Added Member To Class: ClassName=1_Schematic Member=Component U2 ISL75051ASEHVFE
